# JRE version: OpenJDK Runtime Environment (8.0_112-b06) (build 1.8.0_112-release-b06)
# Java VM: OpenJDK 64-Bit Server VM (25.112-b06 mixed mode linux-amd64 compressed oops)
Heap:
 PSYoungGen      total 250368K, used 0K [0x00000000e0000000, 0x00000000ff880000, 0x0000000100000000)
  eden space 221696K, 0% used [0x00000000e0000000,0x00000000e0000000,0x00000000ed880000)
  from space 28672K, 0% used [0x00000000ed880000,0x00000000ed880000,0x00000000ef480000)
  to   space 147456K, 0% used [0x00000000f6880000,0x00000000f6880000,0x00000000ff880000)
 ParOldGen       total 677376K, used 621229K [0x00000000a0000000, 0x00000000c9580000, 0x00000000e0000000)
  object space 677376K, 91% used [0x00000000a0000000,0x00000000c5eab460,0x00000000c9580000)
 Metaspace       used 70171K, capacity 72834K, committed 72984K, reserved 1114112K
  class space    used 8694K, capacity 9190K, committed 9264K, reserved 1048576K
GC Heap History (10 events):
Event: 3183,174 GC heap after
Heap after GC invocations=206 (full 23):
 PSYoungGen      total 388096K, used 76341K [0x00000000e0000000, 0x0000000100000000, 0x0000000100000000)
  eden space 267776K, 0% used [0x00000000e0000000,0x00000000e0000000,0x00000000f0580000)
  from space 120320K, 63% used [0x00000000f0580000,0x00000000f500d4b0,0x00000000f7b00000)
  to   space 122880K, 0% used [0x00000000f8800000,0x00000000f8800000,0x0000000100000000)
 ParOldGen       total 677376K, used 407856K [0x00000000a0000000, 0x00000000c9580000, 0x00000000e0000000)
  object space 677376K, 60% used [0x00000000a0000000,0x00000000b8e4c058,0x00000000c9580000)
 Metaspace       used 70171K, capacity 72834K, committed 72984K, reserved 1114112K
  class space    used 8694K, capacity 9190K, committed 9264K, reserved 1048576K
}
Event: 3183,867 GC heap before
{Heap before GC invocations=207 (full 23):
 PSYoungGen      total 388096K, used 344117K [0x00000000e0000000, 0x0000000100000000, 0x0000000100000000)
  eden space 267776K, 100% used [0x00000000e0000000,0x00000000f0580000,0x00000000f0580000)
  from space 120320K, 63% used [0x00000000f0580000,0x00000000f500d4b0,0x00000000f7b00000)
  to   space 122880K, 0% used [0x00000000f8800000,0x00000000f8800000,0x0000000100000000)
 ParOldGen       total 677376K, used 407856K [0x00000000a0000000, 0x00000000c9580000, 0x00000000e0000000)
  object space 677376K, 60% used [0x00000000a0000000,0x00000000b8e4c058,0x00000000c9580000)
 Metaspace       used 70171K, capacity 72834K, committed 72984K, reserved 1114112K
  class space    used 8694K, capacity 9190K, committed 9264K, reserved 1048576K
Event: 3184,388 GC heap after
Heap after GC invocations=207 (full 23):
 PSYoungGen      total 368640K, used 115659K [0x00000000e0000000, 0x0000000100000000, 0x0000000100000000)
  eden space 245760K, 0% used [0x00000000e0000000,0x00000000e0000000,0x00000000ef000000)
  from space 122880K, 94% used [0x00000000f8800000,0x00000000ff8f2e18,0x0000000100000000)
  to   space 139264K, 0% used [0x00000000ef000000,0x00000000ef000000,0x00000000f7800000)
 ParOldGen       total 677376K, used 407856K [0x00000000a0000000, 0x00000000c9580000, 0x00000000e0000000)
  object space 677376K, 60% used [0x00000000a0000000,0x00000000b8e4c058,0x00000000c9580000)
 Metaspace       used 70171K, capacity 72834K, committed 72984K, reserved 1114112K
  class space    used 8694K, capacity 9190K, committed 9264K, reserved 1048576K
}
Event: 3184,792 GC heap before
{Heap before GC invocations=208 (full 23):
 PSYoungGen      total 368640K, used 361419K [0x00000000e0000000, 0x0000000100000000, 0x0000000100000000)
  eden space 245760K, 100% used [0x00000000e0000000,0x00000000ef000000,0x00000000ef000000)
  from space 122880K, 94% used [0x00000000f8800000,0x00000000ff8f2e18,0x0000000100000000)
  to   space 139264K, 0% used [0x00000000ef000000,0x00000000ef000000,0x00000000f7800000)
 ParOldGen       total 677376K, used 407856K [0x00000000a0000000, 0x00000000c9580000, 0x00000000e0000000)
  object space 677376K, 60% used [0x00000000a0000000,0x00000000b8e4c058,0x00000000c9580000)
 Metaspace       used 70171K, capacity 72834K, committed 72984K, reserved 1114112K
  class space    used 8694K, capacity 9190K, committed 9264K, reserved 1048576K
Event: 3191,024 GC heap after
Heap after GC invocations=208 (full 23):
 PSYoungGen      total 364544K, used 118288K [0x00000000e0000000, 0x0000000100000000, 0x0000000100000000)
  eden space 245760K, 0% used [0x00000000e0000000,0x00000000e0000000,0x00000000ef000000)
  from space 118784K, 99% used [0x00000000ef000000,0x00000000f6384200,0x00000000f6400000)
  to   space 153600K, 0% used [0x00000000f6a00000,0x00000000f6a00000,0x0000000100000000)
 ParOldGen       total 677376K, used 444237K [0x00000000a0000000, 0x00000000c9580000, 0x00000000e0000000)
  object space 677376K, 65% used [0x00000000a0000000,0x00000000bb1d3538,0x00000000c9580000)
 Metaspace       used 70171K, capacity 72834K, committed 72984K, reserved 1114112K
  class space    used 8694K, capacity 9190K, committed 9264K, reserved 1048576K
}
Event: 3191,672 GC heap before
{Heap before GC invocations=209 (full 23):
 PSYoungGen      total 364544K, used 364048K [0x00000000e0000000, 0x0000000100000000, 0x0000000100000000)
  eden space 245760K, 100% used [0x00000000e0000000,0x00000000ef000000,0x00000000ef000000)
  from space 118784K, 99% used [0x00000000ef000000,0x00000000f6384200,0x00000000f6400000)
  to   space 153600K, 0% used [0x00000000f6a00000,0x00000000f6a00000,0x0000000100000000)
 ParOldGen       total 677376K, used 444237K [0x00000000a0000000, 0x00000000c9580000, 0x00000000e0000000)
  object space 677376K, 65% used [0x00000000a0000000,0x00000000bb1d3538,0x00000000c9580000)
 Metaspace       used 70171K, capacity 72834K, committed 72984K, reserved 1114112K
  class space    used 8694K, capacity 9190K, committed 9264K, reserved 1048576K
Event: 3193,625 GC heap after
Heap after GC invocations=209 (full 23):
 PSYoungGen      total 375296K, used 77046K [0x00000000e0000000, 0x0000000100000000, 0x0000000100000000)
  eden space 221696K, 0% used [0x00000000e0000000,0x00000000e0000000,0x00000000ed880000)
  from space 153600K, 50% used [0x00000000f6a00000,0x00000000fb53da60,0x0000000100000000)
  to   space 148992K, 0% used [0x00000000ed880000,0x00000000ed880000,0x00000000f6a00000)
 ParOldGen       total 677376K, used 522670K [0x00000000a0000000, 0x00000000c9580000, 0x00000000e0000000)
  object space 677376K, 77% used [0x00000000a0000000,0x00000000bfe6bb70,0x00000000c9580000)
 Metaspace       used 70171K, capacity 72834K, committed 72984K, reserved 1114112K
  class space    used 8694K, capacity 9190K, committed 9264K, reserved 1048576K
}
Event: 3194,095 GC heap before
{Heap before GC invocations=210 (full 23):
 PSYoungGen      total 375296K, used 298742K [0x00000000e0000000, 0x0000000100000000, 0x0000000100000000)
  eden space 221696K, 100% used [0x00000000e0000000,0x00000000ed880000,0x00000000ed880000)
  from space 153600K, 50% used [0x00000000f6a00000,0x00000000fb53da60,0x0000000100000000)
  to   space 148992K, 0% used [0x00000000ed880000,0x00000000ed880000,0x00000000f6a00000)
 ParOldGen       total 677376K, used 522670K [0x00000000a0000000, 0x00000000c9580000, 0x00000000e0000000)
  object space 677376K, 77% used [0x00000000a0000000,0x00000000bfe6bb70,0x00000000c9580000)
 Metaspace       used 70171K, capacity 72834K, committed 72984K, reserved 1114112K
  class space    used 8694K, capacity 9190K, committed 9264K, reserved 1048576K
Event: 3199,543 GC heap after
Heap after GC invocations=210 (full 23):
 PSYoungGen      total 250368K, used 28465K [0x00000000e0000000, 0x00000000ff880000, 0x0000000100000000)
  eden space 221696K, 0% used [0x00000000e0000000,0x00000000e0000000,0x00000000ed880000)
  from space 28672K, 99% used [0x00000000ed880000,0x00000000ef44c560,0x00000000ef480000)
  to   space 147456K, 0% used [0x00000000f6880000,0x00000000f6880000,0x00000000ff880000)
 ParOldGen       total 677376K, used 598337K [0x00000000a0000000, 0x00000000c9580000, 0x00000000e0000000)
  object space 677376K, 88% used [0x00000000a0000000,0x00000000c48505a0,0x00000000c9580000)
 Metaspace       used 70171K, capacity 72834K, committed 72984K, reserved 1114112K
  class space    used 8694K, capacity 9190K, committed 9264K, reserved 1048576K
}
Event: 3199,543 GC heap before
{Heap before GC invocations=211 (full 24):
 PSYoungGen      total 250368K, used 28465K [0x00000000e0000000, 0x00000000ff880000, 0x0000000100000000)
  eden space 221696K, 0% used [0x00000000e0000000,0x00000000e0000000,0x00000000ed880000)
  from space 28672K, 99% used [0x00000000ed880000,0x00000000ef44c560,0x00000000ef480000)
  to   space 147456K, 0% used [0x00000000f6880000,0x00000000f6880000,0x00000000ff880000)
 ParOldGen       total 677376K, used 598337K [0x00000000a0000000, 0x00000000c9580000, 0x00000000e0000000)
  object space 677376K, 88% used [0x00000000a0000000,0x00000000c48505a0,0x00000000c9580000)
 Metaspace       used 70171K, capacity 72834K, committed 72984K, reserved 1114112K
  class space    used 8694K, capacity 9190K, committed 9264K, reserved 1048576K

